

 **WOFOST version 7.1.5, release December 2011
 RUNNAM -> WCC   
 OUTPUT -> file: output\wcc.out
 RERUNS -> no reruns

 WEATHER-> name: Iran, DashtnazAC I3
           file: meteo\cabowe\sae3.   start year: 2012
 RAIN   -> belonging to weather station
 CROP   -> name: Sunflower iran sari55
           file: cropd\sun1104- fc prd 55.cab
 SOIL   -> name: SARIIII
           file: soild\ss2.awc
 START  -> fixed sowing date 
     start waterbalance = -99     sowing date = 144     emergence date = 151

 POTENTIAL CROP PRODUCTION
 =========================

 YEAR  DAY IDSEM DVS  TSUM   WLV    WST    WSO    TAGP   LAI  TRA   GASS   MRES    DMI

                     degrd kg/ha  kg/ha  kg/ha   kg/ha m2/m2   mm/d CH2O CH2O  kg/ha/d
  2012 151   0  0.00    0.     2.     2.     0.     3.  0.00 0.01    1.6    0.1    1.1
  2012 152   1  0.02   20.     2.     2.     0.     4.  0.00 0.01    1.8    0.1    1.2
  2012 153   2  0.03   41.     2.     2.     0.     4.  0.00 0.01    2.0    0.1    1.3
  2012 154   3  0.05   64.     2.     2.     0.     5.  0.01 0.01    2.5    0.1    1.7
  2012 155   4  0.07   86.     3.     3.     0.     6.  0.01 0.01    2.8    0.2    1.9
  2012 156   5  0.08  108.     3.     3.     0.     7.  0.01 0.01    2.8    0.2    1.8
  2012 157   6  0.10  132.     4.     4.     0.     8.  0.01 0.01    3.4    0.2    2.3
  2012 158   7  0.12  154.     4.     4.     0.     9.  0.01 0.01    3.3    0.3    2.2
  2012 159   8  0.14  177.     5.     5.     0.    10.  0.01 0.02    4.7    0.3    3.2
  2012 160   9  0.15  199.     6.     6.     0.    11.  0.01 0.03    5.9    0.3    4.0
  2012 161  10  0.17  220.     7.     7.     0.    13.  0.02 0.02    6.2    0.4    4.2
  2012 162  11  0.19  241.     8.     8.     0.    15.  0.02 0.01    6.1    0.4    4.1
  2012 163  12  0.20  262.     9.     9.     0.    17.  0.02 0.04    8.4    0.5    5.6
  2012 164  13  0.22  285.    10.    10.     0.    20.  0.02 0.06   10.5    0.6    7.0
  2012 165  14  0.24  307.    12.    12.     0.    24.  0.03 0.08   12.4    0.8    8.2
  2012 166  15  0.26  332.    14.    14.     0.    28.  0.03 0.09   14.4    1.0    9.6
  2012 167  16  0.27  356.    16.    16.     0.    33.  0.04 0.11   16.9    1.1   11.2
  2012 168  17  0.29  379.    19.    19.     0.    38.  0.04 0.13   19.4    1.5   12.8
  2012 169  18  0.31  405.    22.    22.     0.    45.  0.05 0.12   21.9    1.8   14.3
  2012 170  19  0.33  431.    26.    26.     0.    52.  0.06 0.15   26.2    1.6   17.5
  2012 171  20  0.35  453.    30.    30.     0.    61.  0.07 0.15   30.0    1.8   20.1
  2012 172  21  0.37  475.    35.    35.     0.    71.  0.08 0.01   23.0    2.1   14.9
  2012 173  22  0.38  497.    39.    39.     0.    78.  0.09 0.00   25.6    2.2   16.7
  2012 174  23  0.40  518.    43.    43.     0.    86.  0.10 0.08   34.6    2.6   22.8
  2012 175  24  0.42  540.    49.    49.     0.    98.  0.11 0.13   41.3    3.2   27.1
  2012 176  25  0.43  563.    56.    56.     0.   111.  0.13 0.33   55.0    3.8   36.5
  2012 177  26  0.45  586.    65.    65.     0.   130.  0.15 0.38   63.6    4.4   42.2
  2012 178  27  0.47  610.    75.    75.     0.   151.  0.17 0.24   65.5    5.0   43.1
  2012 179  28  0.49  633.    86.    86.     0.   172.  0.20 0.50   83.5    5.5   55.6
  2012 180  29  0.50  656.   100.   100.     0.   200.  0.23 0.62   96.4    6.5   64.1
  2012 181  30  0.52  679.   116.   116.     0.   232.  0.27 0.68  110.3    7.7   73.1
  2012 182  31  0.54  702.   134.   134.     0.   269.  0.31 0.89  117.6   10.7   76.1
  2012 183  32  0.56  728.   153.   153.     0.   307.  0.35 1.09  118.0   13.3   74.5
  2012 184  33  0.58  755.   172.   172.     0.   344.  0.40 0.82  152.5   13.9   98.7
  2012 185  34  0.60  781.   197.   197.     0.   393.  0.45 1.10  178.2   13.2  117.5
  2012 186  35  0.62  805.   226.   226.     0.   452.  0.52 0.90  196.9   14.2  130.1
  2012 187  36  0.64  827.   259.   259.     0.   517.  0.59 1.31  226.6   17.2  149.2
  2012 188  37  0.65  851.   296.   296.     0.   592.  0.68 1.20  249.5   20.3  163.2
  2012 189  38  0.67  875.   337.   337.     0.   674.  0.78 1.91  279.9   27.1  179.9
  2012 190  39  0.69  901.   384.   384.     0.   769.  0.88 2.04  317.6   30.0  204.6
  2012 191  40  0.71  926.   440.   440.     0.   881.  1.01 2.22  354.6   31.2  230.0
  2012 192  41  0.73  951.   506.   506.     0.  1012.  1.16 2.42  395.3   34.5  256.5
  2012 193  42  0.75  975.   580.   582.     0.  1163.  1.33 2.59  439.5   41.0  283.2
  2012 194  43  0.77  999.   667.   668.     0.  1336.  1.53 1.98  467.5   49.7  296.8
  2012 195  44  0.79 1025.   760.   762.     0.  1524.  1.75 2.94  532.8   52.5  341.0
  2012 196  45  0.81 1049.   871.   873.     0.  1746.  2.00 3.25  581.8   61.1  369.5
  2012 197  46  0.83 1074.   996.   998.     0.  1996.  2.29 3.76  617.8   74.3  385.5
  2012 198  47  0.85 1101.  1129.  1132.     0.  2264.  2.60 3.68  660.5   80.4  411.2
  2012 199  48  0.87 1126.  1276.  1280.     0.  2560.  2.94 4.48  678.3  101.7  408.3
  2012 200  49  0.89 1154.  1420.  1438.     0.  2862.  3.27 3.38  703.5  106.5  422.1
  2012 201  50  0.91 1180.  1562.  1618.     0.  3184.  3.59 0.70  487.6   99.9  273.7
  2012 202  51  0.93 1205.  1651.  1744.     0.  3399.  3.80 2.69  741.9  104.1  447.5
  2012 203  52  0.95 1229.  1784.  1968.     3.  3761.  4.10 0.66  467.8  120.3  242.1
  2012 204  53  0.96 1254.  1848.  2098.     7.  3961.  4.25 2.82  746.6  130.7  426.1
  2012 205  54  0.98 1280.  1948.  2347.    18.  4323.  4.48 0.85  472.6  145.2  224.7
  2012 206  55  1.00 1306.  1989.  2489.    26.  4519.  4.57 0.75  466.0  145.7  218.4
  2012 207  56  1.03 1332.  2021.  2634.    36.  4713.  4.65 0.29  451.6  124.8  222.9
  2012 208  57  1.05 1355.  2049.  2794.    45.  4918.  4.71 1.02  565.8  136.7  292.8
  2012 209  58  1.07 1379.  2083.  3016.    56.  5194.  4.79 0.46  457.7  143.2  214.7
  2012 210  59  1.10 1403.  2100.  3190.    63.  5402.  4.83 0.30  456.7  135.5  219.4
  2012 211  60  1.12 1426.  2113.  3378.    69.  5621.  4.86 2.69  759.1  147.8  418.4
  2012 212  61  1.14 1450.  2140.  3749.    78.  6039.  4.92 0.26  447.7  145.3  207.3
  2012 213  62  1.17 1473.  2141.  3939.    82.  6247.  4.92 1.32  623.4  152.5  323.6
  2012 214  63  1.19 1497.  2144.  4243.    86.  6570.  4.93 0.93  547.1  164.0  263.7
  2012 215  64  1.22 1521.  2138.  4498.    87.  6834.  4.91 2.95  759.0  173.9  403.6
  2012 216  65  1.24 1546.  2127.  4899.    88.  7238.  4.89 3.94  773.8  192.5  388.6
  2012 217  66  1.27 1571.  2115.  5265.   111.  7626.  4.86 0.24  443.3  165.6  178.5
  2012 218  67  1.29 1594.  2103.  5419.   136.  7805.  4.83 0.01  433.1  150.2  175.8
  2012 219  68  1.31 1615.  2092.  5558.   172.  7981.  4.81 4.02  755.2  177.2  348.4
  2012 220  69  1.33 1639.  2081.  5812.   267.  8329.  4.78 4.13  745.4  185.8  326.5
  2012 221  70  1.36 1663.  2070.  6027.   378.  8656.  4.76 0.16  423.2  176.3  139.5
  2012 222  71  1.38 1685.  2061.  6108.   436.  8795.  4.74 0.52  504.1  168.9  183.9
  2012 223  72  1.40 1707.  2051.  6203.   525.  8979.  4.71 1.77  651.9  175.7  254.0
  2012 224  73  1.42 1730.  2042.  6318.   665.  9233.  4.69 3.99  707.6  184.4  271.6
  2012 225  74  1.45 1752.  2033.  6421.   833.  9504.  4.67 4.17  695.0  190.3  254.9
  2012 226  75  1.47 1775.  2025.  6501.  1008.  9759.  4.65 3.98  690.2  197.4  242.3
  2012 227  76  1.49 1799.  2016.  6560.  1191. 10002.  4.63 4.23  674.2  230.9  212.3
  2012 228  77  1.52 1824.  2009.  6597.  1367. 10214.  4.62 4.15  670.5  220.3  209.6
  2012 229  78  1.54 1849.  1992.  6485.  1556. 10424.  4.58 4.19  661.6  227.7  196.7
  2012 230  79  1.57 1874.  1955.  6360.  1749. 10620.  4.49 4.15  648.8  222.5  191.8
  2012 231  80  1.59 1898.  1913.  6233.  1940. 10812.  4.40 3.11  637.3  210.6  192.0
  2012 232  81  1.62 1922.  1866.  6108.  2132. 11004.  4.29 0.42  390.7  217.2   78.1
  2012 233  82  1.64 1947.  1810.  5986.  2210. 11082.  4.16 0.17  373.3  195.4   80.1
  2012 234  83  1.66 1970.  1745.  5866.  2291. 11162.  4.01 0.51  418.3  195.5  100.3
  2012 235  84  1.69 1994.  1669.  5749.  2391. 11263.  3.83 1.36  517.6  186.2  149.1
  2012 236  85  1.71 2017.  1582.  5634.  2540. 11412.  3.64 3.68  556.5  195.7  162.3
  2012 237  86  1.74 2041.  1489.  5521.  2702. 11574.  3.42 3.56  535.4  194.6  153.4
  2012 238  87  1.76 2065.  1377.  5411.  2856. 11727.  3.16 2.83  500.0  217.6  127.1
  2012 239  88  1.79 2091.  1252.  5302.  2983. 11855.  2.88 2.55  477.6  206.5  122.0
  2012 240  89  1.81 2117.  1118.  5196.  3105. 11976.  2.57 2.19  434.9  202.5  104.6
  2012 241  90  1.84 2143.   971.  5092.  3209. 12081.  2.23 2.96  396.9  189.0   93.5
  2012 242  91  1.86 2168.   827.  4991.  3303. 12175.  1.90 1.80  344.6  187.5   70.7
  2012 243  92  1.89 2194.   684.  4891.  3374. 12245.  1.57 1.54  291.7  178.7   50.9
  2012 244  93  1.91 2219.   595.  4793.  3424. 12296.  1.36 1.52  252.0  180.9   32.0
  2012 245  94  1.94 2245.   461.  4697.  3456. 12328.  1.06 0.68  184.1  168.9    6.8
  2012 246  95  1.96 2271.   395.  4603.  3463. 12335.  0.90 1.28  173.4  164.6    3.9
  2012 247  96  1.99 2296.   293.  4511.  3467. 12339.  0.67 0.74  124.1  124.1    0.0
  2012 248  97  2.02 2322.   246.  4421.  3467. 12339.  0.56 1.06  104.6  104.6    0.0

 SUMMARY:
 HALT  ANTH TWRT    TWLV    TWST    TWSO    TAGP HINDEX TRANSP TRC  GASST  MREST
 248  55   2296.   2250.   6621.   3467.  12339.   0.28  13.9 113. 32608.  9000.
1


 **WOFOST version 7.1.5, release December 2011
 RUNNAM -> WCC   
 OUTPUT -> file: output\wcc.out
 RERUNS -> no reruns

 WEATHER-> name: Iran, DashtnazAC I3
           file: meteo\cabowe\sae3.   start year: 2012
 RAIN   -> belonging to weather station
 CROP   -> name: Sunflower iran sari55
           file: cropd\sun1104- fc prd 55.cab
 SOIL   -> name: SARIIII
           file: soild\ss2.awc
 START  -> fixed sowing date 
     start waterbalance = 144 (2012)  sowing date = 144  emergence date = 151


 WATER LIMITED CROP PRODUCTION WITHOUT GROUNDWATER
 =================================================
 fixed fraction       RDMso=120.   NOTinf=0.00
 SM0=0.300 SMFC=0.203 SMW=0.044 SMLIM=0.044    RDM= 82. WAV= 20.0 SSmax= 0.0

 YEAR  DAY   WLV   WST    WSO   TAGP   LAI  RD    SM RESRV AVAIL RAIN TRA EVA wet dry

           kg/ha kg/ha  kg/ha  kg/ha m2/m2  cm vol.fr  cm    cm    mm mm/d mm/d  days
  2012 144     2.     2.     0.     3.  0.00  10. 0.044 18.4  0.0    0. 0.00 1.02  0  0
  2012 145     2.     2.     0.     3.  0.00  10. 0.034 11.3 -0.1    0. 0.00 0.97  0  0
  2012 146     2.     2.     0.     3.  0.00  10. 0.099 12.0  0.5    7. 0.00 5.09  0  0
  2012 147     2.     2.     0.     3.  0.00  10. 0.048 11.5  0.0    7. 0.00 0.62  0  0
  2012 148     2.     2.     0.     3.  0.00  10. 0.116 12.2  0.7   15. 0.00 2.96  0  0
  2012 149     2.     2.     0.     3.  0.00  10. 0.086 11.9  0.4   15. 0.00 0.04  0  0
  2012 150     2.     2.     0.     3.  0.00  10. 0.170 12.7  1.3   23. 0.00 3.47  0  0
  2012 151     2.     2.     0.     3.  0.00  10. 0.136 12.4  0.9   23. 0.01 0.64  0  0
  2012 152     2.     2.     0.     4.  0.00  11. 0.204 13.0  1.8   31. 0.01 4.14  0  0
  2012 153     2.     2.     0.     4.  0.00  12. 0.170 12.6  1.6   31. 0.01 0.46  0  0
  2012 154     2.     2.     0.     5.  0.01  14. 0.224 13.3  2.5   38. 0.01 5.26  0  0
  2012 155     3.     3.     0.     6.  0.01  15. 0.187 12.8  2.1   38. 0.01 0.48  0  0
  2012 156     3.     3.     0.     7.  0.01  16. 0.232 13.5  3.0   46. 0.01 2.05  0  0
  2012 157     4.     4.     0.     8.  0.01  17. 0.203 13.0  2.7   46. 0.01 0.30  0  0
  2012 158     4.     4.     0.     9.  0.01  18. 0.243 13.8  3.7   53. 0.01 1.30  0  0
  2012 159     5.     5.     0.    10.  0.01  20. 0.203 13.0  3.1   53. 0.02 0.39  0  0
  2012 160     6.     6.     0.    11.  0.01  21. 0.237 13.7  4.0   61. 0.03 4.75  0  0
  2012 161     7.     7.     0.    13.  0.02  22. 0.203 13.0  3.5   61. 0.02 0.32  0  0
  2012 162     8.     8.     0.    15.  0.02  23. 0.234 13.7  4.4   68. 0.01 1.25  0  0
  2012 163     9.     9.     0.    17.  0.02  24. 0.203 13.0  3.9   68. 0.04 0.37  0  0
  2012 164    10.    10.     0.    20.  0.02  26. 0.231 13.7  4.8   76. 0.06 5.34  0  0
  2012 165    12.    12.     0.    24.  0.03  27. 0.203 13.0  4.3   76. 0.08 0.57  0  0
  2012 166    14.    14.     0.    28.  0.03  28. 0.227 13.7  5.1   83. 0.09 5.71  0  0
  2012 167    16.    16.     0.    33.  0.04  29. 0.203 13.0  4.6   83. 0.11 0.52  0  0
  2012 168    19.    19.     0.    38.  0.04  30. 0.225 13.7  5.5   91. 0.13 5.84  0  0
  2012 169    22.    22.     0.    45.  0.05  32. 0.203 13.0  5.0   91. 0.12 0.43  0  0
  2012 170    26.    26.     0.    52.  0.06  33. 0.224 13.7  5.9   98. 0.15 4.87  0  0
  2012 171    30.    30.     0.    61.  0.07  34. 0.203 13.0  5.4   98. 0.15 0.37  0  0
  2012 172    35.    35.     0.    71.  0.08  35. 0.223 13.7  6.3  105. 0.01 0.39  0  0
  2012 173    39.    39.     0.    78.  0.09  36. 0.203 13.0  5.8  105. 0.00 0.03  0  0
  2012 174    43.    43.     0.    86.  0.10  38. 0.223 13.8  6.7  113. 0.08 1.63  0  0
  2012 175    49.    49.     0.    98.  0.11  39. 0.203 13.0  6.2  113. 0.13 0.19  0  0
  2012 176    56.    56.     0.   111.  0.13  40. 0.221 13.8  7.1  120. 0.33 5.00  0  0
  2012 177    65.    65.     0.   130.  0.15  41. 0.203 13.0  6.6  120. 0.38 0.40  0  0
  2012 178    75.    75.     0.   151.  0.17  42. 0.219 13.7  7.4  128. 0.24 2.72  0  0
  2012 179    86.    86.     0.   172.  0.20  44. 0.203 13.0  6.9  128. 0.50 0.38  0  0
  2012 180   100.   100.     0.   200.  0.23  45. 0.218 13.7  7.8  135. 0.62 5.02  0  0
  2012 181   116.   116.     0.   232.  0.27  46. 0.203 13.0  7.3  135. 0.68 0.36  0  0
  2012 182   134.   134.     0.   269.  0.31  47. 0.217 13.7  8.1  143. 0.89 5.22  0  0
  2012 183   153.   153.     0.   307.  0.35  48. 0.203 13.0  7.7  143. 1.09 0.41  0  0
  2012 184   172.   172.     0.   344.  0.40  50. 0.215 13.6  8.5  150. 0.82 3.68  0  0
  2012 185   197.   197.     0.   393.  0.45  51. 0.203 13.0  8.1  150. 1.10 0.31  0  0
  2012 186   226.   226.     0.   452.  0.52  52. 0.215 13.6  8.9  158. 0.90 3.02  0  0
  2012 187   259.   259.     0.   517.  0.59  53. 0.203 13.0  8.5  158. 1.31 0.26  0  0
  2012 188   296.   296.     0.   592.  0.68  54. 0.214 13.6  9.2  165. 1.20 2.89  0  0
  2012 189   337.   337.     0.   674.  0.78  56. 0.203 13.0  8.8  165. 1.91 0.27  0  0
  2012 190   384.   384.     0.   769.  0.88  57. 0.212 13.6  9.6  172. 2.04 3.50  0  0
  2012 191   440.   440.     0.   881.  1.01  58. 0.203 13.0  9.2  172. 2.22 0.22  0  0
  2012 192   506.   506.     0.  1012.  1.16  59. 0.211 13.5  9.9  180. 2.42 2.89  0  0
  2012 193   582.   582.     0.  1163.  1.34  60. 0.202 13.0  9.5  180. 2.59 0.17  0  0
  2012 194   668.   668.     0.  1336.  1.54  62. 0.210 13.4 10.2  187. 1.99 1.60  0  0
  2012 195   761.   762.     0.  1524.  1.75  63. 0.203 13.0 10.0  187. 2.94 0.13  0  0
  2012 196   872.   874.     0.  1747.  2.01  64. 0.210 13.5 10.6  195. 3.25 1.69  0  0
  2012 197   996.   998.     0.  1997.  2.29  65. 0.202 13.0 10.3  195. 3.76 0.10  0  0
  2012 198  1130.  1133.     0.  2265.  2.60  66. 0.208 13.3 10.9  202. 3.68 1.20  0  0
  2012 199  1277.  1280.     0.  2561.  2.94  68. 0.200 12.9 10.6  202. 4.48 0.07  0  0
  2012 200  1420.  1439.     0.  2863.  3.27  69. 0.205 13.1 11.0  210. 3.38 0.68  0  0
  2012 201  1563.  1618.     0.  3185.  3.59  70. 0.199 12.7 10.8  210. 0.70 0.01  0  0
  2012 202  1651.  1744.     0.  3400.  3.80  71. 0.208 13.4 11.7  217. 2.69 0.39  0  0
  2012 203  1785.  1968.     3.  3762.  4.10  72. 0.203 13.0 11.5  217. 0.66 0.01  0  0
  2012 204  1848.  2099.     7.  3962.  4.25  74. 0.212 13.7 12.4  225. 2.82 0.30  0  0
  2012 205  1949.  2348.    18.  4324.  4.48  75. 0.203 13.0 11.9  225. 0.85 0.01  0  0
  2012 206  1990.  2489.    26.  4520.  4.58  76. 0.212 13.7 12.7  232. 0.75 0.07  0  0
  2012 207  2021.  2635.    36.  4714.  4.65  77. 0.203 13.0 12.3  232. 0.29 0.00  0  0
  2012 208  2050.  2794.    45.  4919.  4.71  78. 0.212 13.8 13.2  239. 1.02 0.09  0  0
  2012 209  2083.  3017.    56.  5195.  4.79  80. 0.203 13.0 12.7  239. 0.46 0.00  0  0
  2012 210  2101.  3190.    63.  5403.  4.83  81. 0.212 13.7 13.5  247. 0.30 0.03  0  0
  2012 211  2114.  3379.    69.  5622.  4.86  82. 0.203 13.0 13.0  247. 2.69 0.01  0  0
  2012 212  2140.  3750.    78.  6040.  4.92  82. 0.209 13.5 13.5  254. 0.26 0.03  0  0
  2012 213  2141.  3939.    82.  6248.  4.92  82. 0.203 13.0 13.0  254. 1.32 0.01  0  0
  2012 214  2144.  4243.    86.  6571.  4.93  82. 0.211 13.7 13.7  262. 0.93 0.07  0  0
  2012 215  2138.  4498.    87.  6835.  4.91  82. 0.203 13.0 13.0  262. 2.95 0.01  0  0
  2012 216  2127.  4900.    88.  7239.  4.89  82. 0.208 13.5 13.5  269. 3.94 0.28  0  0
  2012 217  2115.  5265.   111.  7627.  4.86  82. 0.203 13.0 13.0  269. 0.24 0.00  0  0
  2012 218  2103.  5419.   136.  7806.  4.83  82. 0.213 13.8 13.8  278. 0.01 0.01  0  0
  2012 219  2092.  5559.   172.  7982.  4.81  82. 0.203 13.0 13.0  278. 4.02 0.02  0  0
  2012 220  2081.  5813.   267.  8330.  4.78  82. 0.207 13.4 13.4  285. 4.13 0.31  0  0
  2012 221  2071.  6027.   378.  8656.  4.76  82. 0.202 12.9 12.9  285. 0.16 0.00  0  0
  2012 222  2061.  6109.   436.  8796.  4.74  82. 0.220 14.4 14.4  300. 0.52 0.05  0  0
  2012 223  2051.  6204.   525.  8980.  4.71  82. 0.203 13.0 13.0  300. 1.77 0.06  0  0
  2012 224  2042.  6318.   665.  9234.  4.69  82. 0.210 13.6 13.6  307. 3.99 0.32  0  0
  2012 225  2033.  6422.   833.  9505.  4.67  82. 0.203 13.0 13.0  307. 4.17 0.09  0  0
  2012 226  2025.  6502.  1008.  9760.  4.65  82. 0.207 13.4 13.4  315. 3.98 0.33  0  0
  2012 227  2017.  6561.  1191. 10003.  4.63  82. 0.202 12.9 12.9  315. 4.23 0.07  0  0
  2012 228  2009.  6597.  1367. 10215.  4.62  82. 0.205 13.2 13.2  322. 4.15 0.35  0  0
  2012 229  1992.  6486.  1556. 10424.  4.58  82. 0.200 12.8 12.8  322. 4.19 0.07  0  0
  2012 230  1955.  6360.  1749. 10621.  4.49  82. 0.204 13.1 13.1  330. 4.15 0.38  0  0
  2012 231  1914.  6233.  1940. 10813.  4.40  82. 0.198 12.7 12.7  330. 3.11 0.05  0  0
  2012 232  1867.  6108.  2132. 11005.  4.29  82. 0.204 13.1 13.1  338. 0.42 0.05  0  0
  2012 233  1811.  5986.  2210. 11083.  4.16  82. 0.203 13.0 13.0  338. 0.17 0.00  0  0
  2012 234  1745.  5866.  2291. 11163.  4.01  82. 0.212 13.8 13.8  345. 0.51 0.08  0  0
  2012 235  1669.  5749.  2391. 11264.  3.84  82. 0.203 13.0 13.0  345. 1.36 0.03  0  0
  2012 236  1583.  5634.  2540. 11413.  3.64  82. 0.210 13.6 13.6  353. 3.68 0.58  0  0
  2012 237  1489.  5521.  2702. 11575.  3.42  82. 0.203 13.0 13.0  353. 3.56 0.08  0  0
  2012 238  1377.  5411.  2856. 11728.  3.16  82. 0.199 12.7 12.7  353. 2.83 0.08  0  0
  2012 239  1253.  5303.  2983. 11855.  2.88  82. 0.195 12.4 12.4  353. 2.55 0.08  0  0
  2012 240  1118.  5197.  3105. 11977.  2.57  82. 0.193 12.2 12.2  353. 2.19 0.69  0  0
  2012 241   971.  5093.  3209. 12082.  2.23  82. 0.189 11.9 11.9  353. 2.96 0.15  0  0
  2012 242   827.  4991.  3303. 12176.  1.90  82. 0.185 11.6 11.6  353. 1.80 0.12  0  0
  2012 243   684.  4891.  3374. 12246.  1.57  82. 0.183 11.4 11.4  353. 1.54 0.13  0  0
  2012 244   595.  4793.  3424. 12297.  1.36  82. 0.181 11.2 11.2  353. 1.52 0.15  0  0
  2012 245   461.  4697.  3456. 12329.  1.06  82. 0.179 11.1 11.1  353. 0.68 0.10  0  0
  2012 246   395.  4603.  3463. 12336.  0.90  82. 0.178 11.0 11.0  353. 1.28 0.22  0  0
  2012 247   293.  4511.  3467. 12340.  0.67  82. 0.176 10.8 10.8  353. 0.74 0.18  0  0
  2012 248   246.  4421.  3467. 12340.  0.56  82. 0.175 10.7 10.7  353. 1.06 0.31  0  0

 SUMMARY :                                                        stress days
 HALT ANTH TWRT   TWLV   TWST   TWSO   TAGP HINDEX TRC  GASST  MREST wet dry
 248  55  2297.  2251.  6622.  3467. 12340.  0.28 112.8 32611.  9001.   0   0

       WATER BALANCE WHOLE SYSTEM (1 DIMENS. COLUMN ; cm)
 init max root zone    22.0  final max root zone   14.3    change:  -7.7
  init surf storage     0.0  final surf storage     0.0    change:   0.0
         irrigation     0.0  evap water surface     0.0
           rainfall    35.3  evap soil surface     11.0
                             transpiration         13.9  to atmos:  24.9
                             surface runoff         0.0
                             lost to deep soil     18.1
  TOTAL INIT + IN      57.4  TOTAL FINAL + OUT     57.4  checksum:   0.0
