

 **WOFOST version 7.1.5, release December 2011
 RUNNAM -> WCC   
 OUTPUT -> file: output\wcc.out
 RERUNS -> no reruns

 WEATHER-> name: Iran, DashtnazAC I1
           file: meteo\cabowe\sae1.   start year: 2012
 RAIN   -> belonging to weather station
 CROP   -> name: Sunflower iran sari
           file: cropd\sun1101.cab
 SOIL   -> name: SARIIII
           file: soild\ss2.awc
 START  -> fixed sowing date 
     start waterbalance = -99     sowing date = 144     emergence date = 151

 POTENTIAL CROP PRODUCTION
 =========================

 YEAR  DAY IDSEM DVS  TSUM   WLV    WST    WSO    TAGP   LAI  TRA   GASS   MRES    DMI

                     degrd kg/ha  kg/ha  kg/ha   kg/ha m2/m2   mm/d CH2O CH2O  kg/ha/d
  2012 151   0  0.00    0.     2.     2.     0.     3.  0.00 0.01    2.4    0.1    1.7
  2012 152   1  0.02   20.     2.     2.     0.     4.  0.00 0.01    3.0    0.1    2.0
  2012 153   2  0.03   41.     2.     2.     0.     5.  0.01 0.01    3.5    0.2    2.4
  2012 154   3  0.05   64.     3.     3.     0.     6.  0.01 0.02    5.0    0.2    3.4
  2012 155   4  0.07   86.     4.     4.     0.     8.  0.01 0.02    5.8    0.2    3.9
  2012 156   5  0.08  108.     5.     5.     0.    10.  0.01 0.01    5.7    0.3    3.8
  2012 157   6  0.10  132.     6.     6.     0.    12.  0.01 0.02    7.6    0.4    5.2
  2012 158   7  0.12  154.     7.     7.     0.    14.  0.02 0.01    7.4    0.5    4.9
  2012 159   8  0.14  177.     8.     8.     0.    17.  0.02 0.04   12.0    0.5    8.2
  2012 160   9  0.15  199.    10.    10.     0.    21.  0.02 0.06   16.5    0.6   11.3
  2012 161  10  0.17  220.    13.    13.     0.    26.  0.03 0.05   18.0    0.8   12.3
  2012 162  11  0.19  241.    16.    16.     0.    33.  0.03 0.02   17.6    0.9   11.9
  2012 163  12  0.20  262.    19.    19.     0.    38.  0.04 0.08   27.3    1.2   18.6
  2012 164  13  0.22  285.    24.    24.     0.    48.  0.05 0.16   37.6    1.5   25.7
  2012 165  14  0.24  307.    30.    30.     0.    61.  0.06 0.22   47.6    2.2   32.4
  2012 166  15  0.26  332.    38.    38.     0.    77.  0.08 0.27   59.6    2.7   40.5
  2012 167  16  0.27  356.    49.    49.     0.    97.  0.10 0.33   74.3    3.3   50.6
  2012 168  17  0.29  379.    61.    61.     0.   122.  0.13 0.43   91.2    4.7   61.7
  2012 169  18  0.31  405.    77.    77.     0.   153.  0.16 0.43  106.7    6.1   71.6
  2012 170  19  0.33  431.    95.    95.     0.   189.  0.20 0.53  136.0    6.0   92.6
  2012 171  20  0.35  453.   118.   118.     0.   235.  0.24 0.57  162.5    7.1  110.7
  2012 172  21  0.37  475.   145.   145.     0.   291.  0.30 0.03  107.1    8.7   70.1
  2012 173  22  0.38  497.   163.   163.     0.   326.  0.34 0.02  120.2    9.1   79.1
  2012 174  23  0.40  518.   183.   183.     0.   365.  0.37 0.30  181.7   11.1  121.5
  2012 175  24  0.42  540.   213.   213.     0.   426.  0.44 0.52  227.3   13.8  152.0
  2012 176  25  0.43  563.   251.   251.     0.   502.  0.51 1.35  324.0   17.0  218.6
  2012 177  26  0.45  586.   306.   306.     0.   611.  0.62 1.57  380.7   20.6  256.5
  2012 178  27  0.47  610.   370.   370.     0.   740.  0.75 0.99  379.7   24.7  252.9
  2012 179  28  0.49  633.   433.   433.     0.   866.  0.87 2.05  501.4   27.7  337.4
  2012 180  29  0.50  656.   517.   517.     0.  1035.  1.04 2.47  572.4   33.5  383.8
  2012 181  30  0.52  679.   613.   613.     0.  1227.  1.22 2.63  640.0   40.6  426.9
  2012 182  31  0.54  702.   720.   720.     0.  1440.  1.43 3.35  678.7   57.6  442.4
  2012 183  32  0.56  728.   831.   831.     0.  1661.  1.64 3.92  685.7   72.2  436.9
  2012 184  33  0.58  755.   940.   940.     0.  1880.  1.85 2.84  774.7   76.0  497.7
  2012 185  34  0.60  781.  1064.  1064.     0.  2129.  2.09 3.57  874.7   71.6  572.0
  2012 186  35  0.62  805.  1207.  1207.     0.  2415.  2.36 2.75  879.4   75.8  572.3
  2012 187  36  0.64  827.  1350.  1350.     0.  2701.  2.63 3.70  958.7   89.6  619.0
  2012 188  37  0.65  851.  1505.  1505.     0.  3010.  2.92 3.14  946.2  103.4  600.2
  2012 189  38  0.67  875.  1657.  1657.     0.  3313.  3.21 4.63 1016.0  133.4  628.3
  2012 190  39  0.69  901.  1822.  1822.     0.  3643.  3.51 4.59 1047.5  142.3  644.1
  2012 191  40  0.71  926.  1998.  1998.     0.  3996.  3.84 4.59 1071.7  142.0  661.2
  2012 192  41  0.73  951.  2181.  2186.     0.  4373.  4.18 4.61 1088.1  149.6  667.1
  2012 193  42  0.75  975.  2367.  2383.     0.  4767.  4.52 4.55 1092.7  169.1  656.3
  2012 194  43  0.77  999.  2548.  2584.     0.  5167.  4.84 3.22  979.5  193.7  558.1
  2012 195  44  0.79 1025.  2697.  2760.     0.  5520.  5.10 4.44 1098.7  191.6  644.0
  2012 196  45  0.81 1049.  2872.  2971.     0.  5941.  5.41 4.58 1105.0  209.2  635.6
  2012 197  46  0.83 1074.  3042.  3185.     0.  6370.  5.71 4.98 1101.7  238.6  612.1
  2012 198  47  0.85 1101.  3200.  3398.     0.  6796.  5.98 4.63 1092.6  242.2  602.9
  2012 199  48  0.87 1126.  3351.  3615.     0.  7229.  6.23 5.38 1085.0  287.3  564.8
  2012 200  49  0.89 1154.  3474.  3834.     0.  7647.  6.43 3.91 1017.8  283.6  519.0
  2012 201  50  0.91 1180.  3566.  4054.     0.  8044.  6.57 0.79  579.6  250.7  232.2
  2012 202  51  0.93 1205.  3550.  4161.     0.  8226.  6.53 2.98  989.0  249.0  521.3
  2012 203  52  0.95 1229.  3617.  4426.     0.  8647.  6.63 0.72  533.0  273.1  182.7
  2012 204  53  0.96 1254.  3573.  4528.     0.  8798.  6.53 3.04  958.6  285.3  472.2
  2012 205  54  0.98 1280.  3597.  4815.     0.  9200.  6.55 0.90  530.6  303.6  158.9
  2012 206  55  1.00 1306.  3539.  4921.     0.  9338.  6.43 0.79  520.1  295.4  156.9
  2012 207  56  1.03 1332.  3481.  5033.     0.  9478.  6.32 0.30  500.1  245.9  177.2
  2012 208  57  1.05 1355.  3428.  5167.     0.  9640.  6.21 1.07  654.2  262.4  272.6
  2012 209  58  1.07 1379.  3392.  5384.     0.  9897.  6.13 0.48  506.4  267.6  165.8
  2012 210  59  1.10 1403.  3339.  5523.     0. 10058.  6.03 0.31  504.8  247.7  178.2
  2012 211  60  1.12 1426.  3290.  5681.     0. 10236.  5.93 2.81  958.4  264.6  480.5
  2012 212  61  1.14 1450.  3267.  6118.     0. 10716.  5.88 0.27  492.5  254.5  164.7
  2012 213  62  1.17 1473.  3214.  6272.     0. 10881.  5.78 1.37  735.6  262.4  327.1
  2012 214  63  1.19 1497.  3170.  6583.     0. 11208.  5.69 0.96  626.6  277.2  241.4
  2012 215  64  1.22 1521.  3119.  6818.     0. 11450.  5.59 3.05  966.6  289.2  467.5
  2012 216  65  1.24 1546.  3067.  7284.     0. 11917.  5.50 4.08 1028.3  315.3  476.7
  2012 217  66  1.27 1571.  3017.  7732.    29. 12394.  5.40 0.25  491.0  267.9  143.4
  2012 218  67  1.29 1594.  2970.  7855.    48. 12537.  5.32 0.01  479.4  240.4  148.5
  2012 219  68  1.31 1615.  2926.  7973.    79. 12686.  5.23 4.15 1033.0  280.9  453.3
  2012 220  69  1.33 1639.  2885.  8304.   202. 13139.  5.16 4.26 1026.1  292.2  428.1
  2012 221  70  1.36 1663.  2846.  8585.   349. 13567.  5.08 0.17  471.4  275.5  110.7
  2012 222  71  1.38 1685.  2809.  8650.   395. 13678.  5.01 0.54  585.1  261.9  177.2
  2012 223  72  1.40 1707.  2774.  8741.   480. 13855.  4.95 1.82  821.1  270.6  293.7
  2012 224  73  1.42 1730.  2742.  8874.   642. 14149.  4.89 4.10  992.8  282.1  368.9
  2012 225  74  1.45 1752.  2711.  9015.   870. 14518.  4.83 4.29  984.5  289.9  350.8
  2012 226  75  1.47 1775.  2682.  9124.  1111. 14869.  4.78 4.10  974.1  299.8  331.5
  2012 227  76  1.49 1799.  2654.  9205.  1361. 15200.  4.73 4.34  954.3  349.5  289.5
  2012 228  77  1.52 1824.  2628.  9255.  1601. 15490.  4.68 4.26  954.2  332.7  289.4
  2012 229  78  1.54 1849.  2603.  9098.  1862. 15779.  4.63 4.31  945.6  343.0  273.2
  2012 230  79  1.57 1874.  2579.  8922.  2130. 16052.  4.59 4.27  936.6  335.6  270.5
  2012 231  80  1.59 1898.  2557.  8743.  2400. 16323.  4.55 3.21  895.7  318.3  259.8
  2012 232  81  1.62 1922.  2535.  8569.  2660. 16582.  4.51 0.43  456.3  329.1   57.2
  2012 233  82  1.64 1947.  2515.  8397.  2717. 16640.  4.47 0.17  436.7  297.0   62.9
  2012 234  83  1.66 1970.  2495.  8229.  2780. 16703.  4.44 0.53  512.1  298.6   96.1
  2012 235  84  1.69 1994.  2477.  8065.  2876. 16799.  4.40 1.44  699.9  286.4  186.1
  2012 236  85  1.71 2017.  2459.  7903.  3062. 16985.  4.37 3.95  880.3  304.0  259.4
  2012 237  86  1.74 2041.  2442.  7745.  3322. 17244.  4.34 3.90  870.6  306.2  254.0
  2012 238  87  1.76 2065.  2426.  7590.  3576. 17498.  4.31 3.18  810.9  348.4  208.2
  2012 239  88  1.79 2091.  2411.  7439.  3784. 17706.  4.28 2.95  803.9  337.3  210.0
  2012 240  89  1.81 2117.  2396.  7290.  3994. 17916.  4.25 2.66  769.7  338.2  194.2
  2012 241  90  1.84 2143.  2382.  7144.  4188. 18110.  4.23 3.83  830.7  324.1  228.0
  2012 242  91  1.86 2168.  2369.  7001.  4416. 18338.  4.20 2.52  750.5  331.1  188.7
  2012 243  92  1.89 2194.  2356.  6861.  4605. 18527.  4.18 2.41  737.1  325.2  185.4
  2012 244  93  1.91 2219.  2343.  6724.  4790. 18712.  4.16 2.59  733.1  336.4  178.5
  2012 245  94  1.94 2245.  2331.  6589.  4968. 18891.  4.13 1.38  591.1  324.7  119.9
  2012 246  95  1.96 2271.  2320.  6458.  5088. 19011.  4.11 2.93  756.7  322.6  195.3
  2012 247  96  1.99 2296.  2309.  6328.  5284. 19206.  4.09 2.15  683.6  323.9  161.9
  2012 248  97  2.02 2322.  2299.  6202.  5446. 19368.  4.07 3.53  747.0  338.6  183.8

 SUMMARY:
 HALT  ANTH TWRT    TWLV    TWST    TWSO    TAGP HINDEX TRANSP TRC  GASST  MREST
 248  55   6297.   4634.   9289.   5446.  19368.   0.28  19.8 102. 57828. 17093.
1


 **WOFOST version 7.1.5, release December 2011
 RUNNAM -> WCC   
 OUTPUT -> file: output\wcc.out
 RERUNS -> no reruns

 WEATHER-> name: Iran, DashtnazAC I1
           file: meteo\cabowe\sae1.   start year: 2012
 RAIN   -> belonging to weather station
 CROP   -> name: Sunflower iran sari
           file: cropd\sun1101.cab
 SOIL   -> name: SARIIII
           file: soild\ss2.awc
 START  -> fixed sowing date 
     start waterbalance = 144 (2012)  sowing date = 144  emergence date = 151


 WATER LIMITED CROP PRODUCTION WITHOUT GROUNDWATER
 =================================================
 fixed fraction       RDMso=120.   NOTinf=0.00
 SM0=0.300 SMFC=0.203 SMW=0.044 SMLIM=0.044    RDM= 82. WAV= 20.0 SSmax= 0.0

 YEAR  DAY   WLV   WST    WSO   TAGP   LAI  RD    SM RESRV AVAIL RAIN TRA EVA wet dry

           kg/ha kg/ha  kg/ha  kg/ha m2/m2  cm vol.fr  cm    cm    mm mm/d mm/d  days
  2012 144     2.     2.     0.     3.  0.00  10. 0.044 18.4  0.0    0. 0.00 1.02  0  0
  2012 145     2.     2.     0.     3.  0.00  10. 0.034 11.3 -0.1    0. 0.00 0.97  0  0
  2012 146     2.     2.     0.     3.  0.00  10. 0.127 12.3  0.8   10. 0.00 5.09  0  0
  2012 147     2.     2.     0.     3.  0.00  10. 0.076 11.8  0.3   10. 0.00 1.51  0  0
  2012 148     2.     2.     0.     3.  0.00  10. 0.164 12.6  1.2   21. 0.00 2.96  0  0
  2012 149     2.     2.     0.     3.  0.00  10. 0.135 12.4  0.9   21. 0.00 0.11  0  0
  2012 150     2.     2.     0.     3.  0.00  10. 0.247 13.5  2.0   32. 0.00 3.47  0  0
  2012 151     2.     2.     0.     3.  0.00  10. 0.203 13.0  1.6   32. 0.01 1.87  0  0
  2012 152     2.     2.     0.     4.  0.00  11. 0.278 13.9  2.6   42. 0.01 4.14  0  0
  2012 153     2.     2.     0.     5.  0.01  12. 0.203 13.0  2.0   42. 0.01 1.45  0  0
  2012 154     3.     3.     0.     6.  0.01  14. 0.268 13.9  3.0   53. 0.02 5.25  0  0
  2012 155     4.     4.     0.     8.  0.01  15. 0.273 14.1  3.4   63. 0.02 3.88  0  0
  2012 156     5.     5.     0.    10.  0.01  16. 0.203 13.0  2.5   63. 0.01 0.85  0  0
  2012 157     6.     6.     0.    12.  0.01  17. 0.258 14.0  3.7   73. 0.02 2.56  0  0
  2012 158     7.     7.     0.    14.  0.02  18. 0.204 13.1  2.9   73. 0.01 0.73  0  0
  2012 159     8.     8.     0.    17.  0.02  20. 0.253 14.0  4.1   84. 0.04 3.52  0  0
  2012 160    10.    10.     0.    21.  0.02  21. 0.203 13.0  3.3   84. 0.06 1.95  0  0
  2012 161    13.    13.     0.    26.  0.03  22. 0.241 13.9  4.3   94. 0.05 2.97  0  0
  2012 162    16.    16.     0.    33.  0.03  23. 0.203 13.0  3.7   94. 0.02 0.51  0  0
  2012 163    19.    19.     0.    38.  0.04  24. 0.243 14.0  4.9  104. 0.08 3.57  0  0
  2012 164    24.    24.     0.    48.  0.05  26. 0.203 13.0  4.1  104. 0.16 2.17  0  0
  2012 165    30.    30.     0.    61.  0.06  27. 0.233 13.8  5.1  115. 0.22 5.68  0  0
  2012 166    38.    38.     0.    77.  0.08  28. 0.203 13.0  4.5  115. 0.27 2.28  0  0
  2012 167    49.    49.     0.    97.  0.10  29. 0.230 13.8  5.4  125. 0.33 5.33  0  0
  2012 168    61.    61.     0.   122.  0.13  30. 0.203 13.0  4.8  125. 0.43 2.28  0  0
  2012 169    77.    77.     0.   153.  0.16  32. 0.227 13.8  5.8  135. 0.43 4.40  0  0
  2012 170    95.    95.     0.   189.  0.20  33. 0.203 13.0  5.2  135. 0.53 1.83  0  0
  2012 171   118.   118.     0.   235.  0.24  34. 0.226 13.8  6.2  145. 0.57 3.76  0  0
  2012 172   145.   145.     0.   291.  0.30  35. 0.203 13.0  5.6  145. 0.03 0.14  0  0
  2012 173   163.   163.     0.   326.  0.34  36. 0.231 14.1  6.8  156. 0.02 0.25  0  0
  2012 174   183.   183.     0.   365.  0.37  38. 0.203 13.0  6.0  156. 0.30 0.56  0  0
  2012 175   213.   213.     0.   426.  0.44  39. 0.227 14.0  7.1  166. 0.52 1.86  0  0
  2012 176   251.   251.     0.   502.  0.51  40. 0.203 13.0  6.4  166. 1.35 1.58  0  0
  2012 177   306.   306.     0.   611.  0.62  41. 0.221 13.8  7.3  176. 1.57 3.53  0  0
  2012 178   370.   370.     0.   740.  0.75  42. 0.203 13.0  6.7  176. 0.99 0.75  0  0
  2012 179   433.   433.     0.   866.  0.87  44. 0.223 13.9  7.8  187. 2.05 3.01  0  0
  2012 180   517.   517.     0.  1035.  1.04  45. 0.203 13.0  7.1  187. 2.47 1.18  0  0
  2012 181   613.   613.     0.  1227.  1.22  46. 0.217 13.7  8.0  197. 2.63 2.40  0  0
  2012 182   720.   720.     0.  1440.  1.43  47. 0.203 13.0  7.5  197. 3.35 0.99  0  0
  2012 183   831.   831.     0.  1661.  1.64  48. 0.215 13.6  8.3  207. 3.92 2.22  0  0
  2012 184   940.   940.     0.  1880.  1.85  50. 0.203 13.0  7.9  207. 2.84 0.55  0  0
  2012 185  1064.  1064.     0.  2129.  2.09  51. 0.216 13.7  8.8  218. 3.57 1.35  0  0
  2012 186  1207.  1207.     0.  2415.  2.36  52. 0.203 13.0  8.3  218. 2.75 0.34  0  0
  2012 187  1350.  1350.     0.  2701.  2.63  53. 0.217 13.8  9.2  228. 3.70 0.88  0  0
  2012 188  1505.  1505.     0.  3010.  2.92  54. 0.203 13.0  8.6  228. 3.14 0.25  0  0
  2012 189  1657.  1657.     0.  3313.  3.21  56. 0.215 13.7  9.5  238. 4.63 0.69  0  0
  2012 190  1822.  1822.     0.  3643.  3.51  57. 0.203 13.0  9.0  238. 4.59 0.23  0  0
  2012 191  1998.  1998.     0.  3996.  3.84  58. 0.212 13.6  9.8  249. 4.59 0.43  0  0
  2012 192  2181.  2186.     0.  4373.  4.18  59. 0.203 13.0  9.4  249. 4.61 0.14  0  0
  2012 193  2367.  2383.     0.  4767.  4.52  60. 0.212 13.6 10.2  259. 4.55 0.26  0  0
  2012 194  2548.  2584.     0.  5167.  4.84  62. 0.203 13.0  9.8  259. 3.22 0.06  0  0
  2012 195  2697.  2760.     0.  5520.  5.10  63. 0.214 13.7 10.7  269. 4.44 0.17  0  0
  2012 196  2872.  2971.     0.  5941.  5.41  64. 0.203 13.0 10.2  269. 4.58 0.06  0  0
  2012 197  3042.  3185.     0.  6370.  5.71  65. 0.212 13.6 10.9  279. 4.98 0.13  0  0
  2012 198  3200.  3398.     0.  6796.  5.98  66. 0.203 13.0 10.6  279. 4.63 0.04  0  0
  2012 199  3351.  3615.     0.  7229.  6.23  68. 0.211 13.6 11.3  290. 5.38 0.09  0  0
  2012 200  3474.  3834.     0.  7647.  6.43  69. 0.203 13.0 10.9  290. 3.91 0.02  0  0
  2012 201  3566.  4054.     0.  8044.  6.57  70. 0.212 13.7 11.8  300. 0.79 0.01  0  0
  2012 202  3550.  4161.     0.  8226.  6.53  71. 0.203 13.0 11.3  300. 2.98 0.02  0  0
  2012 203  3617.  4426.     0.  8647.  6.63  72. 0.213 13.8 12.2  310. 0.72 0.01  0  0
  2012 204  3573.  4528.     0.  8798.  6.53  74. 0.203 13.0 11.7  310. 3.04 0.02  0  0
  2012 205  3597.  4815.     0.  9200.  6.55  75. 0.213 13.8 12.6  321. 0.90 0.01  0  0
  2012 206  3539.  4921.     0.  9338.  6.43  76. 0.203 13.0 12.1  321. 0.79 0.01  0  0
  2012 207  3481.  5033.     0.  9478.  6.32  77. 0.215 14.0 13.2  331. 0.30 0.01  0  0
  2012 208  3428.  5167.     0.  9640.  6.21  78. 0.203 13.0 12.5  331. 1.07 0.01  0  0
  2012 209  3392.  5384.     0.  9897.  6.13  80. 0.215 14.0 13.6  341. 0.48 0.01  0  0
  2012 210  3339.  5523.     0. 10058.  6.03  81. 0.203 13.0 12.8  341. 0.31 0.00  0  0
  2012 211  3290.  5681.     0. 10236.  5.93  82. 0.215 14.0 14.0  352. 2.81 0.06  0  0
  2012 212  3267.  6118.     0. 10716.  5.88  82. 0.203 13.0 13.0  352. 0.27 0.00  0  0
  2012 213  3214.  6272.     0. 10881.  5.78  82. 0.215 14.0 14.0  362. 1.37 0.04  0  0
  2012 214  3170.  6583.     0. 11208.  5.69  82. 0.203 13.1 13.1  362. 0.96 0.03  0  0
  2012 215  3119.  6818.     0. 11450.  5.59  82. 0.215 14.0 14.0  373. 3.05 0.08  0  0
  2012 216  3067.  7284.     0. 11917.  5.50  82. 0.203 13.0 13.0  373. 4.08 0.05  0  0
  2012 217  3017.  7732.    29. 12394.  5.40  82. 0.211 13.7 13.7  383. 0.25 0.01  0  0
  2012 218  2970.  7855.    48. 12537.  5.32  82. 0.204 13.1 13.1  384. 0.01 0.01  0  0
  2012 219  2926.  7973.    79. 12686.  5.23  82. 0.216 14.1 14.1  394. 4.15 0.15  0  0
  2012 220  2885.  8304.   202. 13139.  5.16  82. 0.203 13.0 13.0  394. 4.26 0.07  0  0
  2012 221  2846.  8585.   349. 13567.  5.08  82. 0.210 13.6 13.6  405. 0.17 0.01  0  0
  2012 222  2809.  8650.   395. 13678.  5.01  82. 0.212 13.8 13.8  412. 0.54 0.03  0  0
  2012 223  2774.  8741.   480. 13855.  4.95  82. 0.216 14.1 14.1  422. 1.82 0.08  0  0
  2012 224  2742.  8874.   642. 14149.  4.89  82. 0.203 13.0 13.0  422. 4.10 0.08  0  0
  2012 225  2711.  9015.   870. 14518.  4.83  82. 0.210 13.6 13.6  433. 4.29 0.20  0  0
  2012 226  2682.  9124.  1111. 14869.  4.78  82. 0.203 13.0 13.0  433. 4.10 0.08  0  0
  2012 227  2654.  9205.  1361. 15200.  4.73  82. 0.210 13.7 13.7  443. 4.34 0.22  0  0
  2012 228  2628.  9255.  1601. 15490.  4.68  82. 0.203 13.0 13.0  443. 4.26 0.09  0  0
  2012 229  2603.  9098.  1862. 15779.  4.63  82. 0.210 13.6 13.6  453. 4.31 0.23  0  0
  2012 230  2579.  8922.  2130. 16052.  4.59  82. 0.203 13.0 13.0  453. 4.27 0.10  0  0
  2012 231  2557.  8743.  2400. 16323.  4.55  82. 0.210 13.6 13.6  463. 3.21 0.18  0  0
  2012 232  2535.  8569.  2660. 16582.  4.51  82. 0.204 13.1 13.1  464. 0.43 0.03  0  0
  2012 233  2515.  8397.  2717. 16640.  4.47  82. 0.221 14.5 14.5  479. 0.17 0.02  0  0
  2012 234  2495.  8229.  2780. 16703.  4.44  82. 0.203 13.0 13.0  479. 0.53 0.02  0  0
  2012 235  2477.  8065.  2876. 16799.  4.40  82. 0.218 14.3 14.3  492. 1.44 0.10  0  0
  2012 236  2459.  7903.  3062. 16985.  4.37  82. 0.203 13.0 13.0  492. 3.95 0.11  0  0
  2012 237  2442.  7745.  3322. 17244.  4.34  82. 0.211 13.7 13.7  502. 3.90 0.26  0  0
  2012 238  2426.  7590.  3576. 17498.  4.31  82. 0.203 13.0 13.0  502. 3.18 0.09  0  0
  2012 239  2411.  7439.  3784. 17706.  4.28  82. 0.199 12.7 12.7  502. 2.95 0.06  0  0
  2012 240  2396.  7290.  3994. 17916.  4.25  82. 0.196 12.5 12.5  503. 2.66 0.19  0  0
  2012 241  2382.  7144.  4188. 18110.  4.23  82. 0.193 12.2 12.2  503. 3.83 0.06  0  0
  2012 242  2369.  7001.  4416. 18338.  4.20  82. 0.188 11.8 11.8  503. 2.52 0.04  0  0
  2012 243  2356.  6861.  4605. 18527.  4.18  82. 0.185 11.5 11.5  503. 2.41 0.04  0  0
  2012 244  2343.  6724.  4790. 18712.  4.16  82. 0.182 11.3 11.3  503. 2.59 0.04  0  0
  2012 245  2331.  6589.  4968. 18891.  4.13  82. 0.179 11.0 11.0  503. 1.38 0.02  0  0
  2012 246  2320.  6458.  5088. 19011.  4.11  82. 0.177 10.9 10.9  503. 2.93 0.04  0  0
  2012 247  2309.  6328.  5284. 19206.  4.09  82. 0.173 10.6 10.6  503. 2.15 0.03  0  0
  2012 248  2299.  6202.  5446. 19368.  4.07  82. 0.171 10.4 10.4  503. 3.53 0.04  0  0

 SUMMARY :                                                        stress days
 HALT ANTH TWRT   TWLV   TWST   TWSO   TAGP HINDEX TRC  GASST  MREST wet dry
 248  55  6297.  4634.  9289.  5446. 19368.  0.28 102.0 57828. 17093.   0   0

       WATER BALANCE WHOLE SYSTEM (1 DIMENS. COLUMN ; cm)
 init max root zone    22.0  final max root zone   14.0    change:  -8.1
  init surf storage     0.0  final surf storage     0.0    change:   0.0
         irrigation     0.0  evap water surface     0.0
           rainfall    50.3  evap soil surface     10.3
                             transpiration         19.8  to atmos:  30.1
                             surface runoff         0.0
                             lost to deep soil     28.2
  TOTAL INIT + IN      72.3  TOTAL FINAL + OUT     72.3  checksum:  -0.0

               WATER BALANCE ROOT ZONE
 initial water stock    0.4  final water stock     14.0
        infiltration   50.3  evap soil surface     10.3
 added by root growth  14.6      transpiration     19.8
                                   percolation     21.2
 TOTAL INIT + IN       65.3  FINAL + OUT           65.3  checksum:  -0.0
