 *---------------------------------------------------------------------------*
 * Station name: Dashtenaz, Iran
 * Year: 2012
 * Author: Peter Uithol                                     -99.000: NIL VALUE
 * Source: Natuur- en Weerkunde (J.G. Krom)
 * Comments: Wind speed data corrected for measurements at 10 m height.
 * Comments: Missing values are exchanged with daily weather
 *           data from synoptic station de Bilt, Netherlands
 *
 * Longitude: 51 1 E, latitude: 36 4 N, altitude: 13.5 m.
 *
 * Column  Daily value
 * 1       station number
 * 2       year
 * 3       day
 * 4       irradiation                   (kJ m-2 d-1)
 * 5       minimum temperature           (degrees Celsius)
 * 6       maximum temperature           (degrees Celsius)
 * 7       early morning vapour pressure (kPa)
 * 8       mean wind speed (height: 2 m) (m s-1)
 * 9       precipitation                 (mm d-1)
 *
 ** WCCDESCRIPTION=Iran, DashtnazAC I3
 ** WCCFORMAT=2
 ** WCCYEARNR=2012
 *---------------------------------------------------------------------------*
